0 info it worked if it ends with ok
1 verbose cli [ '/usr/local/bin/node',
1 verbose cli   '/usr/local/bin/npm',
1 verbose cli   'install',
1 verbose cli   'ngCsv' ]
2 info using npm@2.15.8
3 info using node@v4.4.7
4 verbose install initial load of /Users/Shivani/Desktop/aeirs1/package.json
5 verbose installManyTop reading scoped package data from /Users/Shivani/Desktop/aeirs1/node_modules/angular/package.json
6 verbose installManyTop reading scoped package data from /Users/Shivani/Desktop/aeirs1/node_modules/angular-cookies/package.json
7 verbose installManyTop reading scoped package data from /Users/Shivani/Desktop/aeirs1/node_modules/angular-messages/package.json
8 verbose installManyTop reading scoped package data from /Users/Shivani/Desktop/aeirs1/node_modules/angular-route/package.json
9 verbose installManyTop reading scoped package data from /Users/Shivani/Desktop/aeirs1/node_modules/bcrypt/package.json
10 verbose installManyTop reading scoped package data from /Users/Shivani/Desktop/aeirs1/node_modules/bcrypt-nodejs/package.json
11 verbose installManyTop reading scoped package data from /Users/Shivani/Desktop/aeirs1/node_modules/body-parser/package.json
12 verbose installManyTop reading scoped package data from /Users/Shivani/Desktop/aeirs1/node_modules/bower/package.json
13 verbose installManyTop reading scoped package data from /Users/Shivani/Desktop/aeirs1/node_modules/eslint-config-rallycoding/package.json
14 verbose installManyTop reading scoped package data from /Users/Shivani/Desktop/aeirs1/node_modules/express/package.json
15 verbose installManyTop reading scoped package data from /Users/Shivani/Desktop/aeirs1/node_modules/express-jwt/package.json
16 verbose installManyTop reading scoped package data from /Users/Shivani/Desktop/aeirs1/node_modules/jsonwebtoken/package.json
17 verbose installManyTop reading scoped package data from /Users/Shivani/Desktop/aeirs1/node_modules/mongoose/package.json
18 verbose installManyTop reading scoped package data from /Users/Shivani/Desktop/aeirs1/node_modules/xss-filters/package.json
19 info package.json eslint-config-rallycoding@3.1.0 No description
20 info package.json eslint-config-rallycoding@3.1.0 No repository field.
21 info package.json express-jwt@5.1.0 No license field.
22 info package.json xss-filters@1.2.7 No license field.
23 info package.json bcrypt-nodejs@0.0.3 No license field.
24 verbose readDependencies loading dependencies from /Users/Shivani/Desktop/aeirs1/package.json
25 silly cache add args [ 'ngCsv', null ]
26 verbose cache add spec ngCsv
27 silly cache add parsed spec Result {
27 silly cache add   raw: 'ngCsv',
27 silly cache add   scope: null,
27 silly cache add   name: 'ngCsv',
27 silly cache add   rawSpec: '',
27 silly cache add   spec: 'latest',
27 silly cache add   type: 'tag' }
28 silly addNamed ngCsv@latest
29 verbose addNamed "latest" is being treated as a dist-tag for ngCsv
30 info addNameTag [ 'ngCsv', 'latest' ]
31 silly mapToRegistry name ngCsv
32 silly mapToRegistry using default registry
33 silly mapToRegistry registry https://registry.npmjs.org/
34 silly mapToRegistry data Result {
34 silly mapToRegistry   raw: 'ngCsv',
34 silly mapToRegistry   scope: null,
34 silly mapToRegistry   name: 'ngCsv',
34 silly mapToRegistry   rawSpec: '',
34 silly mapToRegistry   spec: 'latest',
34 silly mapToRegistry   type: 'tag' }
35 silly mapToRegistry uri https://registry.npmjs.org/ngCsv
36 verbose addNameTag registry:https://registry.npmjs.org/ngCsv not in flight; fetching
37 verbose request uri https://registry.npmjs.org/ngCsv
38 verbose request no auth needed
39 info attempt registry request try #1 at 10:59:56 AM
40 verbose request id 078a5ca8e0209617
41 http request GET https://registry.npmjs.org/ngCsv
42 http 404 https://registry.npmjs.org/ngCsv
43 verbose headers { 'content-type': 'application/json',
43 verbose headers   'cache-control': 'max-age=0',
43 verbose headers   'content-length': '2',
43 verbose headers   'accept-ranges': 'bytes',
43 verbose headers   date: 'Sat, 19 Nov 2016 18:59:58 GMT',
43 verbose headers   via: '1.1 varnish',
43 verbose headers   age: '0',
43 verbose headers   connection: 'keep-alive',
43 verbose headers   'x-served-by': 'cache-sjc3629-SJC',
43 verbose headers   'x-cache': 'MISS',
43 verbose headers   'x-cache-hits': '0',
43 verbose headers   'x-timer': 'S1479581997.874923,VS0,VE487',
43 verbose headers   vary: 'Accept-Encoding' }
44 silly get cb [ 404,
44 silly get   { 'content-type': 'application/json',
44 silly get     'cache-control': 'max-age=0',
44 silly get     'content-length': '2',
44 silly get     'accept-ranges': 'bytes',
44 silly get     date: 'Sat, 19 Nov 2016 18:59:58 GMT',
44 silly get     via: '1.1 varnish',
44 silly get     age: '0',
44 silly get     connection: 'keep-alive',
44 silly get     'x-served-by': 'cache-sjc3629-SJC',
44 silly get     'x-cache': 'MISS',
44 silly get     'x-cache-hits': '0',
44 silly get     'x-timer': 'S1479581997.874923,VS0,VE487',
44 silly get     vary: 'Accept-Encoding' } ]
45 verbose stack Error: Registry returned 404 for GET on https://registry.npmjs.org/ngCsv
45 verbose stack     at makeError (/usr/local/lib/node_modules/npm/node_modules/npm-registry-client/lib/request.js:264:12)
45 verbose stack     at CachingRegistryClient.<anonymous> (/usr/local/lib/node_modules/npm/node_modules/npm-registry-client/lib/request.js:242:14)
45 verbose stack     at Request._callback (/usr/local/lib/node_modules/npm/node_modules/npm-registry-client/lib/request.js:172:14)
45 verbose stack     at Request.self.callback (/usr/local/lib/node_modules/npm/node_modules/request/request.js:200:22)
45 verbose stack     at emitTwo (events.js:87:13)
45 verbose stack     at Request.emit (events.js:172:7)
45 verbose stack     at Request.<anonymous> (/usr/local/lib/node_modules/npm/node_modules/request/request.js:1067:10)
45 verbose stack     at emitOne (events.js:82:20)
45 verbose stack     at Request.emit (events.js:169:7)
45 verbose stack     at IncomingMessage.<anonymous> (/usr/local/lib/node_modules/npm/node_modules/request/request.js:988:12)
46 verbose statusCode 404
47 verbose pkgid ngCsv
48 verbose cwd /Users/Shivani/Desktop/aeirs1
49 error Darwin 15.3.0
50 error argv "/usr/local/bin/node" "/usr/local/bin/npm" "install" "ngCsv"
51 error node v4.4.7
52 error npm  v2.15.8
53 error code E404
54 error 404 Registry returned 404 for GET on https://registry.npmjs.org/ngCsv
54 error 404
54 error 404 'ngCsv' is not in the npm registry.
54 error 404 Your package name is not valid, because
54 error 404
54 error 404  1. name can no longer contain capital letters
54 error 404 It was specified as a dependency of 'aeirs'
54 error 404
54 error 404 Note that you can also install from a
54 error 404 tarball, folder, http url, or git url.
55 verbose exit [ 1, true ]
